0 info it worked if it ends with ok
1 verbose cli [ '/usr/local/bin/node',
1 verbose cli   '/usr/local/bin/npm',
1 verbose cli   'install',
1 verbose cli   'animate.css',
1 verbose cli   '--save' ]
2 info using npm@3.10.10
3 info using node@v6.10.1
4 silly loadCurrentTree Starting
5 silly install loadCurrentTree
6 silly install readLocalPackageData
7 silly fetchPackageMetaData animate.css@file:dist/animate.css
8 silly fetchOtherPackageData animate.css@file:dist/animate.css
9 silly cache add args [ 'animate.css@file:dist/animate.css', null ]
10 verbose cache add spec animate.css@file:dist/animate.css
11 silly cache add parsed spec Result {
11 silly cache add   raw: 'animate.css@file:dist/animate.css',
11 silly cache add   scope: null,
11 silly cache add   escapedName: 'animate.css',
11 silly cache add   name: 'animate.css',
11 silly cache add   rawSpec: 'file:dist/animate.css',
11 silly cache add   spec: '/Users/karen/Desktop/tripago/tripago/dist/dist/animate.css',
11 silly cache add   type: 'local' }
12 error addLocal Could not install /Users/karen/Desktop/tripago/tripago/dist/dist/animate.css
13 silly fetchPackageMetaData Error: ENOENT: no such file or directory, open '/Users/karen/Desktop/tripago/tripago/dist/dist/animate.css'
13 silly fetchPackageMetaData     at Error (native)
13 silly fetchPackageMetaData  error for animate.css@file:dist/animate.css { Error: ENOENT: no such file or directory, open '/Users/karen/Desktop/tripago/tripago/dist/dist/animate.css'
13 silly fetchPackageMetaData     at Error (native)
13 silly fetchPackageMetaData   errno: -2,
13 silly fetchPackageMetaData   code: 'ENOENT',
13 silly fetchPackageMetaData   syscall: 'open',
13 silly fetchPackageMetaData   path: '/Users/karen/Desktop/tripago/tripago/dist/dist/animate.css' }
14 silly rollbackFailedOptional Starting
15 silly rollbackFailedOptional Finishing
16 silly runTopLevelLifecycles Finishing
17 silly install printInstalled
18 verbose stack Error: ENOENT: no such file or directory, open '/Users/karen/Desktop/tripago/tripago/dist/dist/animate.css'
18 verbose stack     at Error (native)
19 verbose cwd /Users/karen/Desktop/tripago/tripago/dist
20 error Darwin 15.6.0
21 error argv "/usr/local/bin/node" "/usr/local/bin/npm" "install" "animate.css" "--save"
22 error node v6.10.1
23 error npm  v3.10.10
24 error path /Users/karen/Desktop/tripago/tripago/dist/dist/animate.css
25 error code ENOENT
26 error errno -2
27 error syscall open
28 error enoent ENOENT: no such file or directory, open '/Users/karen/Desktop/tripago/tripago/dist/dist/animate.css'
29 error enoent ENOENT: no such file or directory, open '/Users/karen/Desktop/tripago/tripago/dist/dist/animate.css'
29 error enoent This is most likely not a problem with npm itself
29 error enoent and is related to npm not being able to find a file.
30 verbose exit [ -2, true ]
